[Thu Aug  1 13:01:47 2019] Creating new output folder: metaerg.pl_08012019
[Thu Aug  1 13:01:47 2019] Running: mkdir -p metaerg\.pl_08012019
[Thu Aug  1 13:01:47 2019] Running: mkdir -p metaerg\.pl_08012019\/tmp
[Thu Aug  1 13:01:47 2019] Running: mkdir -p metaerg\.pl_08012019\/data
[Thu Aug  1 13:01:47 2019] Using filename prefix: metaerg.pl_08012019.XXX
[Thu Aug  1 13:01:47 2019] metaerg.pl --dbdir db --mincontiglen 200 --minorflen 180 --prefix metaerg.pl_08012019 --outdir metaerg.pl_08012019 --locustag metaerg.pl --increment 1 --cpus 8 --evalue 1e-05 --identity 20 --coverage 70 -hmmcutoff --cut_tc -hmmevalue 1e-5 test.fasta

[Thu Aug  1 13:01:47 2019] ******Start to predicate genes

[Thu Aug  1 13:01:47 2019] Loading and checking input file: metaerg.pl_08012019/metaerg.pl_08012019.fna
[Thu Aug  1 13:01:47 2019] Wrote 51 contigs
[Thu Aug  1 13:01:47 2019] Running: /gpfs/ebg_data/lib/perl/bin/perl /gpfs/home/xdong/deve/metagenome/metaerg/bin/predictFeatures.pl --dbdir db --evalue 1e-05 --gtype meta --gc 11 --minorflen 180 --prefix metaerg.pl_08012019 --cpus 8 --outdir metaerg.pl_08012019/tmp --force metaerg.pl_08012019/metaerg.pl_08012019.fna
[Thu Aug  1 13:01:48 2019] Loading and checking input file: metaerg.pl_08012019/metaerg.pl_08012019.fna
[Thu Aug  1 13:01:48 2019] Wrote 51 contigs
[Thu Aug  1 13:01:48 2019] Searching for CRISPR repeats
[Thu Aug  1 13:01:48 2019] Running: minced -gffFull metaerg.pl_08012019/tmp/metaerg.pl_08012019.fna metaerg.pl_08012019/tmp/crisprs.temp

--------------------- WARNING ---------------------
MSG: Removing score value(s)
---------------------------------------------------
[Thu Aug  1 13:01:49 2019] Found 1 CRISPRs
[Thu Aug  1 13:01:49 2019] predict_CRISPRs took: 1 wallclock secs ( 0.03 usr  0.00 sys +  1.49 cusr  0.29 csys =  1.81 CPU) to run

[Thu Aug  1 13:01:49 2019] Predicting tRNAs
[Thu Aug  1 13:01:49 2019] Running: aragorn -l -t -gc11  metaerg.pl_08012019/tmp/metaerg.pl_08012019.crispr.masked.fna -w -o metaerg.pl_08012019/tmp/tRNA.temp
[Thu Aug  1 13:01:50 2019] Found 9 tRNAs
[Thu Aug  1 13:01:50 2019] predict_tRNA_aragorn took: 1 wallclock secs ( 0.01 usr  0.01 sys +  0.60 cusr  0.01 csys =  0.63 CPU) to run

[Thu Aug  1 13:01:50 2019] Predicting Ribosomal RNAs
[Thu Aug  1 13:01:50 2019] Running: /gpfs/home/xdong/deve/metagenome/metaerg/bin/rRNAFinder.pl --dbdir db --threads 8 --evalue 1e-05 --domain meta --outdir metaerg.pl_08012019/tmp metaerg.pl_08012019/tmp/metaerg.pl_08012019.tRNA.masked.fna
[13:01:50] This is rRNAFinder.pl 0.1
[13:01:50] Written by Xiaoli Dong <xdong@ucalgary.ca>
[13:01:50] Obtained from https://sourceforge.net/projects/rrnafinder/
[13:01:50] Scanning metaerg.pl_08012019/tmp/metaerg.pl_08012019.tRNA.masked.fna for arc rRNA genes using /gpfs/home/xdong/deve/metagenome/metaerg/bin/../hmmrna/arc.hmm... please wait
[13:01:50] Command: nhmmer --cpu 8 -E 1e-05 -o /dev/null --tblout metaerg.pl_08012019/tmp/arc.tblout \/gpfs\/home\/xdong\/deve\/metagenome\/metaerg\/bin\/\.\.\/hmmrna\/arc\.hmm metaerg\.pl_08012019\/tmp\/metaerg\.pl_08012019\.tRNA\.masked\.fna
[13:01:51] Scanning metaerg.pl_08012019/tmp/metaerg.pl_08012019.tRNA.masked.fna for bac rRNA genes using /gpfs/home/xdong/deve/metagenome/metaerg/bin/../hmmrna/bac.hmm... please wait
[13:01:51] Command: nhmmer --cpu 8 -E 1e-05 -o /dev/null --tblout metaerg.pl_08012019/tmp/bac.tblout \/gpfs\/home\/xdong\/deve\/metagenome\/metaerg\/bin\/\.\.\/hmmrna\/bac\.hmm metaerg\.pl_08012019\/tmp\/metaerg\.pl_08012019\.tRNA\.masked\.fna
[13:01:52] Scanning metaerg.pl_08012019/tmp/metaerg.pl_08012019.tRNA.masked.fna for euk rRNA genes using /gpfs/home/xdong/deve/metagenome/metaerg/bin/../hmmrna/euk.hmm... please wait
[13:01:52] Command: nhmmer --cpu 8 -E 1e-05 -o /dev/null --tblout metaerg.pl_08012019/tmp/euk.tblout \/gpfs\/home\/xdong\/deve\/metagenome\/metaerg\/bin\/\.\.\/hmmrna\/euk\.hmm metaerg\.pl_08012019\/tmp\/metaerg\.pl_08012019\.tRNA\.masked\.fna
[13:01:53] write to metaerg.pl_08012019/tmp/16SrRNA.ffn
[13:01:53] Command: /gpfs/ebg_data/lib/perl/bin/perl /gpfs/home/xdong/deve/metagenome/metaerg/bin/rna2taxon.pl --dbdir db --cpus 8 --dbtype ssu --evalue 1e-05 --identities 70,80,85,90,95,97,99 --coverage 80 metaerg.pl_08012019/tmp/16SrRNA.ffn > metaerg.pl_08012019/tmp/16SrRNA.tax.txt
[13:01:53] blastn  -query metaerg.pl_08012019/tmp/16SrRNA.ffn -db db/blast/silva_SSURef_Nr99.fasta -dust no -num_threads 8 -evalue 1e-05 -out metaerg.pl_08012019/tmp/16SrRNA.ffn.blastn.outfmt7.txt  -outfmt "7 qseqid qlen slen qstart qend sstart send length qcovhsp pident evalue bitscore stitle" -max_target_seqs 5

[13:01:53] Running: blastn  -query metaerg.pl_08012019/tmp/16SrRNA.ffn -db db/blast/silva_SSURef_Nr99.fasta -dust no -num_threads 8 -evalue 1e-05 -out metaerg.pl_08012019/tmp/16SrRNA.ffn.blastn.outfmt7.txt  -outfmt "7 qseqid qlen slen qstart qend sstart send length qcovhsp pident evalue bitscore stitle" -max_target_seqs 5
BLAST Database error: No alias or index file found for nucleotide database [db/blast/silva_SSURef_Nr99.fasta] in search path [/gpfs/home/xdong/deve/metagenome/metaerg/example::]
[13:01:54] Could not run command: blastn  -query metaerg.pl_08012019/tmp/16SrRNA.ffn -db db/blast/silva_SSURef_Nr99.fasta -dust no -num_threads 8 -evalue 1e-05 -out metaerg.pl_08012019/tmp/16SrRNA.ffn.blastn.outfmt7.txt  -outfmt "7 qseqid qlen slen qstart qend sstart send length qcovhsp pident evalue bitscore stitle" -max_target_seqs 5
Could not execute cmd=/gpfs/ebg_data/lib/perl/bin/perl /gpfs/home/xdong/deve/metagenome/metaerg/bin/rna2taxon.pl --dbdir db --cpus 8 --dbtype ssu --evalue 1e-05 --identities 70,80,85,90,95,97,99 --coverage 80 metaerg.pl_08012019/tmp/16SrRNA.ffn > metaerg.pl_08012019/tmp/16SrRNA.tax.txt, 
[Thu Aug  1 13:01:54 2019] Could not run command:/gpfs/home/xdong/deve/metagenome/metaerg/bin/rRNAFinder.pl --dbdir db --threads 8 --evalue 1e-05 --domain meta --outdir metaerg.pl_08012019/tmp metaerg.pl_08012019/tmp/metaerg.pl_08012019.tRNA.masked.fna, No such file or directory

[Thu Aug  1 13:01:54 2019] Could not run command:/gpfs/ebg_data/lib/perl/bin/perl /gpfs/home/xdong/deve/metagenome/metaerg/bin/predictFeatures.pl --dbdir db --evalue 1e-05 --gtype meta --gc 11 --minorflen 180 --prefix metaerg.pl_08012019 --cpus 8 --outdir metaerg.pl_08012019/tmp --force metaerg.pl_08012019/metaerg.pl_08012019.fna, 

